<?xml version="1.0" encoding="UTF-8"?>
<!-- Generated by org.testng.reporters.JUnitReportReporter -->
<testsuite hostname="Shailendar" failures="0" tests="1" name="Rahulshettyacademy.ReportsReorts.ExtentReportsDemo" time="8.347" errors="0" timestamp="2022-07-29T08:13:18 IST" skipped="0">
  <testcase classname="Rahulshettyacademy.ReportsReorts.ExtentReportsDemo" name="initialDemo" time="8.347"/>
  <system-out/>
</testsuite> <!-- Rahulshettyacademy.ReportsReorts.ExtentReportsDemo -->
